<?xml version="1.0" encoding="UTF-8"?>
<services
	xmlns="http://www.w3school.com.cn"
	xmlns:xsi="http://www.w3.org/2001/XMLSchema-instance"
	xsi:schemaLocation="http://www.w3school.com.cn ../../xsd/service-registry.xsd">
	
	<service id="A000T000" bean-id="testServiceImpl" method-name="test">
		<method-arguments>
			<argument order="0" type="org.edf.hifox.core.datatransfer.inbound.A000T000Req" 
				expression="['_inbound_request_message'].body" />
		</method-arguments>
	</service>
	
</services>
