<?xml version="1.0" encoding="UTF-8"?>
<mappings
	xmlns="http://www.w3school.com.cn"
	xmlns:xsi="http://www.w3.org/2001/XMLSchema-instance"
	xsi:schemaLocation="http://www.w3school.com.cn ../../xsd/converter-registry.xsd">
	
	<mapping id="A000T000-request" converter-id="xsXmlToBeanConverter" rulecreator-id="xsRuleCreator">
		<class-defs>
			<class-def name="org.edf.hifox.core.datatransfer.support.RequestMessage">
				<field-def name="body" field-type="org.edf.hifox.core.datatransfer.Body"
					field-impl="org.edf.hifox.core.datatransfer.inbound.A000T000Req" />
			</class-def>
		</class-defs>
	</mapping>
	<mapping id="A000T000-response" converter-id="fmBeanToStrConverter" rulecreator-id="fmRuleCreator">
		<template-def embed="application/converter/common-response.temp" encoding="UTF-8">
			<value>
			<![CDATA[
			<BODY>
			</BODY>
			]]>
			</value>
		</template-def>
	</mapping>
	
</mappings>
